PLINK v1.90b6.16 64-bit (19 Feb 2020)
Options in effect:
  --allow-extra-chr
  --file kaik-ant-7-p1-r70-1.plink
  --ld-window-r2 0.8
  --out ld-kaik-ant-7-p1-r70-1
  --r2

Hostname: wbn044
Working directory: /scale_wlg_nobackup/filesets/nobackup/uoo02915/PLINK
Start time: Thu Nov 11 12:11:57 2021

Random number seed: 1636585917
128824 MB RAM detected; reserving 64412 MB for main workspace.
Scanning .ped file... done.
Performing single-pass .bed write (4872 variants, 216 people).
--file: ld-kaik-ant-7-p1-r70-1-temporary.bed +
ld-kaik-ant-7-p1-r70-1-temporary.bim + ld-kaik-ant-7-p1-r70-1-temporary.fam
written.
4872 variants loaded from .bim file.
216 people (0 males, 0 females, 216 ambiguous) loaded from .fam.
Ambiguous sex IDs written to ld-kaik-ant-7-p1-r70-1.nosex .
Using up to 71 threads (change this with --threads).
Before main variant filters, 216 founders and 0 nonfounders present.
Calculating allele frequencies... done.
Total genotyping rate is 0.870908.
4872 variants and 216 people pass filters and QC.
Note: No phenotypes present.
--r2 to ld-kaik-ant-7-p1-r70-1.ld ... done.

End time: Thu Nov 11 12:11:57 2021
