
Converting file kaik-ant-7-p1-r70-B.vcf:

Number of samples in VCF: 216
Total of genotypes processed: 4629
Genotypes excluded because they exceeded the amount of missing data allowed: 0
Genotypes that passed missing data filter but were excluded for not being SNPs: 0
SNPs that passed the filters: 4629

Sample 1 of 216, ANT_AT_BOOM_202007_001, added to the nucleotide matrix(ces).
Sample 2 of 216, ANT_AT_BOOM_202007_002, added to the nucleotide matrix(ces).
Sample 3 of 216, ANT_AT_BOOM_202007_003, added to the nucleotide matrix(ces).
Sample 4 of 216, ANT_AT_BOOM_202007_004, added to the nucleotide matrix(ces).
Sample 5 of 216, ANT_AT_BOOM_202007_005, added to the nucleotide matrix(ces).
Sample 6 of 216, ANT_AT_ORON_201912_001, added to the nucleotide matrix(ces).
Sample 7 of 216, ANT_AT_ORON_201912_004, added to the nucleotide matrix(ces).
Sample 8 of 216, ANT_AT_ORON_201912_006, added to the nucleotide matrix(ces).
Sample 9 of 216, ANT_AT_ORON_201912_007, added to the nucleotide matrix(ces).
Sample 10 of 216, ANT_AT_ORON_201912_008, added to the nucleotide matrix(ces).
Sample 11 of 216, ANT_AT_CODR_201912_002, added to the nucleotide matrix(ces).
Sample 12 of 216, ANT_AT_CODR_201912_003, added to the nucleotide matrix(ces).
Sample 13 of 216, ANT_AT_CODR_201912_004, added to the nucleotide matrix(ces).
Sample 14 of 216, ANT_AT_CODR_201912_006, added to the nucleotide matrix(ces).
Sample 15 of 216, ANT_AT_RNGI_202011_1A0, added to the nucleotide matrix(ces).
Sample 16 of 216, ANT_AT_RNGI_202011_1B0, added to the nucleotide matrix(ces).
Sample 17 of 216, ANT_AT_RNGI_202011_1D0, added to the nucleotide matrix(ces).
Sample 18 of 216, ANT_AT_RNGI_202011_2A0, added to the nucleotide matrix(ces).
Sample 19 of 216, ANT_AT_RNGI_202011_2C0, added to the nucleotide matrix(ces).
Sample 20 of 216, ANT_AT_RNGI_202011_2E0, added to the nucleotide matrix(ces).
Sample 21 of 216, ANT_AT_RNGI_202011_3A0, added to the nucleotide matrix(ces).
Sample 22 of 216, ANT_AT_RNGI_202011_3B0, added to the nucleotide matrix(ces).
Sample 23 of 216, ANT_AT_RNGI_202011_4A0, added to the nucleotide matrix(ces).
Sample 24 of 216, ANT_AT_CAPC_201611_001_R, added to the nucleotide matrix(ces).
Sample 25 of 216, ANT_AT_CAPC_201611_002_R, added to the nucleotide matrix(ces).
Sample 26 of 216, ANT_AT_CAPC_201611_005, added to the nucleotide matrix(ces).
Sample 27 of 216, ANT_AT_CAPC_201611_006, added to the nucleotide matrix(ces).
Sample 28 of 216, ANT_AT_CAPC_201611_007, added to the nucleotide matrix(ces).
Sample 29 of 216, ANT_NR_CAPC_202011_1A1, added to the nucleotide matrix(ces).
Sample 30 of 216, ANT_NR_CAPC_202011_1A2, added to the nucleotide matrix(ces).
Sample 31 of 216, ANT_NR_CAPC_202011_1A4, added to the nucleotide matrix(ces).
Sample 32 of 216, ANT_NR_CAPC_202011_1A5, added to the nucleotide matrix(ces).
Sample 33 of 216, ANT_NR_CAPC_202011_1A6, added to the nucleotide matrix(ces).
Sample 34 of 216, ANT_NR_CAPC_202011_1J3, added to the nucleotide matrix(ces).
Sample 35 of 216, ANT_NR_CAPC_202011_1J5, added to the nucleotide matrix(ces).
Sample 36 of 216, ANT_NR_CAPC_202011_1J6, added to the nucleotide matrix(ces).
Sample 37 of 216, ANT_AT_WARN_201611_001, added to the nucleotide matrix(ces).
Sample 38 of 216, ANT_AT_WARN_201611_002, added to the nucleotide matrix(ces).
Sample 39 of 216, ANT_AT_WARN_201611_003, added to the nucleotide matrix(ces).
Sample 40 of 216, ANT_AT_WARN_201611_004, added to the nucleotide matrix(ces).
Sample 41 of 216, ANT_AT_WARN_201611_107, added to the nucleotide matrix(ces).
Sample 42 of 216, ANT_AT_WARN_201611_108, added to the nucleotide matrix(ces).
Sample 43 of 216, ANT_AT_WARN_201611_109, added to the nucleotide matrix(ces).
Sample 44 of 216, ANT_AT_WARN_201611_110, added to the nucleotide matrix(ces).
Sample 45 of 216, ANT_AT_WARS_201611_006, added to the nucleotide matrix(ces).
Sample 46 of 216, ANT_AT_WARS_201611_007, added to the nucleotide matrix(ces).
Sample 47 of 216, ANT_AT_WARS_201611_008, added to the nucleotide matrix(ces).
Sample 48 of 216, ANT_AT_WARS_201611_009, added to the nucleotide matrix(ces).
Sample 49 of 216, ANT_AT_WARS_201611_010, added to the nucleotide matrix(ces).
Sample 50 of 216, ANT_AT_WARS_201611_011, added to the nucleotide matrix(ces).
Sample 51 of 216, ANT_AT_WARS_201611_012, added to the nucleotide matrix(ces).
Sample 52 of 216, ANT_AT_WARS_201611_013, added to the nucleotide matrix(ces).
Sample 53 of 216, ANT_AT_WARS_201611_015, added to the nucleotide matrix(ces).
Sample 54 of 216, ANT_NR_WARD_201800_001, added to the nucleotide matrix(ces).
Sample 55 of 216, ANT_NR_WARD_201800_002, added to the nucleotide matrix(ces).
Sample 56 of 216, ANT_NR_WARD_201800_003, added to the nucleotide matrix(ces).
Sample 57 of 216, ANT_NR_WARD_201800_004, added to the nucleotide matrix(ces).
Sample 58 of 216, ANT_NR_WARD_201800_005, added to the nucleotide matrix(ces).
Sample 59 of 216, ANT_NR_WARD_201800_P01, added to the nucleotide matrix(ces).
Sample 60 of 216, ANT_NR_WARD_201800_P02, added to the nucleotide matrix(ces).
Sample 61 of 216, ANT_NR_WARD_201800_P03, added to the nucleotide matrix(ces).
Sample 62 of 216, ANT_NR_WARD_201800_P04, added to the nucleotide matrix(ces).
Sample 63 of 216, ANT_NR_WARD_201800_P05, added to the nucleotide matrix(ces).
Sample 64 of 216, ANT_NR_WARD_201909_001, added to the nucleotide matrix(ces).
Sample 65 of 216, ANT_NR_WARD_201909_003, added to the nucleotide matrix(ces).
Sample 66 of 216, ANT_NR_WARD_201909_004, added to the nucleotide matrix(ces).
Sample 67 of 216, ANT_NR_WARN_201900_005, added to the nucleotide matrix(ces).
Sample 68 of 216, ANT_NR_WARN_201900_006, added to the nucleotide matrix(ces).
Sample 69 of 216, ANT_NR_WARN_201900_007, added to the nucleotide matrix(ces).
Sample 70 of 216, ANT_NR_WARD_202011_0A7, added to the nucleotide matrix(ces).
Sample 71 of 216, ANT_NR_WARD_202011_0A8, added to the nucleotide matrix(ces).
Sample 72 of 216, ANT_NR_WARD_202011_0J1, added to the nucleotide matrix(ces).
Sample 73 of 216, ANT_NR_WARD_202011_0J2, added to the nucleotide matrix(ces).
Sample 74 of 216, ANT_NR_WARD_202011_0J3, added to the nucleotide matrix(ces).
Sample 75 of 216, ANT_AT_WHRN_201611_003, added to the nucleotide matrix(ces).
Sample 76 of 216, ANT_AT_WHRN_201611_004, added to the nucleotide matrix(ces).
Sample 77 of 216, ANT_AT_WHRN_201611_006, added to the nucleotide matrix(ces).
Sample 78 of 216, ANT_AT_WHRN_201611_008, added to the nucleotide matrix(ces).
Sample 79 of 216, ANT_AT_WHRN_201611_010, added to the nucleotide matrix(ces).
Sample 80 of 216, ANT_AT_WHRN_201611_011, added to the nucleotide matrix(ces).
Sample 81 of 216, ANT_AT_WHRN_201611_012, added to the nucleotide matrix(ces).
Sample 82 of 216, ANT_AT_WHRN_201611_013, added to the nucleotide matrix(ces).
Sample 83 of 216, ANT_AT_WHRN_201611_014, added to the nucleotide matrix(ces).
Sample 84 of 216, ANT_AT_WHRN_201611_016, added to the nucleotide matrix(ces).
Sample 85 of 216, ANT_NR_WHAR_201800_P01, added to the nucleotide matrix(ces).
Sample 86 of 216, ANT_NR_WHAR_201800_P02, added to the nucleotide matrix(ces).
Sample 87 of 216, ANT_NR_WHAR_201800_P03, added to the nucleotide matrix(ces).
Sample 88 of 216, ANT_NR_WHAR_201800_P04, added to the nucleotide matrix(ces).
Sample 89 of 216, ANT_NR_WHAR_201800_P05, added to the nucleotide matrix(ces).
Sample 90 of 216, ANT_NR_WHAR_201800_001, added to the nucleotide matrix(ces).
Sample 91 of 216, ANT_NR_WHAR_201800_002, added to the nucleotide matrix(ces).
Sample 92 of 216, ANT_NR_WHAR_201800_003, added to the nucleotide matrix(ces).
Sample 93 of 216, ANT_NR_WHAR_201800_004, added to the nucleotide matrix(ces).
Sample 94 of 216, ANT_NR_WHAR_201800_005, added to the nucleotide matrix(ces).
Sample 95 of 216, ANT_NR_WHAR_201900_001, added to the nucleotide matrix(ces).
Sample 96 of 216, ANT_NR_WHAR_201900_003, added to the nucleotide matrix(ces).
Sample 97 of 216, ANT_NR_WHAR_201900_005, added to the nucleotide matrix(ces).
Sample 98 of 216, ANT_NR_WHRN_202011_201, added to the nucleotide matrix(ces).
Sample 99 of 216, ANT_NR_WHRN_202011_202, added to the nucleotide matrix(ces).
Sample 100 of 216, ANT_NR_WHRN_202011_203, added to the nucleotide matrix(ces).
Sample 101 of 216, ANT_NR_WHRN_202011_204, added to the nucleotide matrix(ces).
Sample 102 of 216, ANT_NR_WHRN_202011_205, added to the nucleotide matrix(ces).
Sample 103 of 216, ANT_AT_WAIN_201611_001, added to the nucleotide matrix(ces).
Sample 104 of 216, ANT_AT_WAIN_201611_002, added to the nucleotide matrix(ces).
Sample 105 of 216, ANT_AT_WAIN_201611_003, added to the nucleotide matrix(ces).
Sample 106 of 216, ANT_AT_WAIN_201611_004, added to the nucleotide matrix(ces).
Sample 107 of 216, ANT_AT_WAIN_201611_005, added to the nucleotide matrix(ces).
Sample 108 of 216, ANT_AT_WAIN_201611_006, added to the nucleotide matrix(ces).
Sample 109 of 216, ANT_AT_WAIN_201611_007, added to the nucleotide matrix(ces).
Sample 110 of 216, ANT_AT_WAIN_201611_008, added to the nucleotide matrix(ces).
Sample 111 of 216, ANT_AT_WAIN_201611_009, added to the nucleotide matrix(ces).
Sample 112 of 216, ANT_AT_WAIN_201611_010, added to the nucleotide matrix(ces).
Sample 113 of 216, ANT_AT_WAIN_201611_011, added to the nucleotide matrix(ces).
Sample 114 of 216, ANT_AT_WAIS_201611_002, added to the nucleotide matrix(ces).
Sample 115 of 216, ANT_AT_WAIS_201611_003, added to the nucleotide matrix(ces).
Sample 116 of 216, ANT_AT_WAIS_201611_004, added to the nucleotide matrix(ces).
Sample 117 of 216, ANT_AT_WAIS_201611_005, added to the nucleotide matrix(ces).
Sample 118 of 216, ANT_AT_WAIS_201611_006, added to the nucleotide matrix(ces).
Sample 119 of 216, ANT_AT_WAIS_201611_007, added to the nucleotide matrix(ces).
Sample 120 of 216, ANT_AT_WAIS_201611_008, added to the nucleotide matrix(ces).
Sample 121 of 216, ANT_AT_WAIS_201611_009, added to the nucleotide matrix(ces).
Sample 122 of 216, ANT_AT_WAIS_201611_010, added to the nucleotide matrix(ces).
Sample 123 of 216, ANT_AT_WAIS_201611_011, added to the nucleotide matrix(ces).
Sample 124 of 216, ANT_NR_WAIP_201809_001, added to the nucleotide matrix(ces).
Sample 125 of 216, ANT_NR_WAIP_201809_002, added to the nucleotide matrix(ces).
Sample 126 of 216, ANT_NR_WAIP_201809_003, added to the nucleotide matrix(ces).
Sample 127 of 216, ANT_NR_WAIP_201809_004, added to the nucleotide matrix(ces).
Sample 128 of 216, ANT_NR_WAIP_201809_006, added to the nucleotide matrix(ces).
Sample 129 of 216, ANT_NR_WAIP_201809_007, added to the nucleotide matrix(ces).
Sample 130 of 216, ANT_NR_WAIP_201809_008, added to the nucleotide matrix(ces).
Sample 131 of 216, ANT_NR_WAIP_201809_K01, added to the nucleotide matrix(ces).
Sample 132 of 216, ANT_NR_WAIP_201809_K02, added to the nucleotide matrix(ces).
Sample 133 of 216, ANT_NR_WAIP_201809_K03, added to the nucleotide matrix(ces).
Sample 134 of 216, ANT_NR_WAIP_201809_K05, added to the nucleotide matrix(ces).
Sample 135 of 216, ANT_NR_WAIP_201809_K06, added to the nucleotide matrix(ces).
Sample 136 of 216, ANT_NR_WAIP_201809_K07, added to the nucleotide matrix(ces).
Sample 137 of 216, ANT_NR_WAIP_201809_K08, added to the nucleotide matrix(ces).
Sample 138 of 216, ANT_NR_WAIB_202011_0A2, added to the nucleotide matrix(ces).
Sample 139 of 216, ANT_NR_WAIB_202011_0A5, added to the nucleotide matrix(ces).
Sample 140 of 216, ANT_NR_WAIB_202011_0A6, added to the nucleotide matrix(ces).
Sample 141 of 216, ANT_NR_WAIB_202011_0J1, added to the nucleotide matrix(ces).
Sample 142 of 216, ANT_NR_WAIB_202011_0J4, added to the nucleotide matrix(ces).
Sample 143 of 216, ANT_NR_WAIB_202011_0J5, added to the nucleotide matrix(ces).
Sample 144 of 216, ANT_NR_WAIN_202011_201, added to the nucleotide matrix(ces).
Sample 145 of 216, ANT_NR_WAIN_202011_202, added to the nucleotide matrix(ces).
Sample 146 of 216, ANT_NR_WAIN_202011_203, added to the nucleotide matrix(ces).
Sample 147 of 216, ANT_NR_WAIS_202011_0A1, added to the nucleotide matrix(ces).
Sample 148 of 216, ANT_NR_WAIS_202011_0A2, added to the nucleotide matrix(ces).
Sample 149 of 216, ANT_NR_WAIS_202011_0A3, added to the nucleotide matrix(ces).
Sample 150 of 216, ANT_NR_WAIS_202011_0J1, added to the nucleotide matrix(ces).
Sample 151 of 216, ANT_NR_WAIS_202011_0J2, added to the nucleotide matrix(ces).
Sample 152 of 216, ANT_NR_WAIS_202011_0J3, added to the nucleotide matrix(ces).
Sample 153 of 216, ANT_AT_KAIK_201611_101, added to the nucleotide matrix(ces).
Sample 154 of 216, ANT_AT_KAIK_201611_102, added to the nucleotide matrix(ces).
Sample 155 of 216, ANT_AT_KAIK_201611_103, added to the nucleotide matrix(ces).
Sample 156 of 216, ANT_AT_KAIK_201611_104, added to the nucleotide matrix(ces).
Sample 157 of 216, ANT_AT_KAIK_201611_105, added to the nucleotide matrix(ces).
Sample 158 of 216, ANT_AT_KAIK_201611_106_R, added to the nucleotide matrix(ces).
Sample 159 of 216, ANT_AT_KAIK_201611_108, added to the nucleotide matrix(ces).
Sample 160 of 216, ANT_AT_KAIK_201611_201, added to the nucleotide matrix(ces).
Sample 161 of 216, ANT_AT_KAIK_201611_202, added to the nucleotide matrix(ces).
Sample 162 of 216, ANT_AT_KAIK_201611_203, added to the nucleotide matrix(ces).
Sample 163 of 216, ANT_AT_KAIK_201611_204, added to the nucleotide matrix(ces).
Sample 164 of 216, ANT_AT_KAIK_201611_205, added to the nucleotide matrix(ces).
Sample 165 of 216, ANT_AT_KAIK_201611_206, added to the nucleotide matrix(ces).
Sample 166 of 216, ANT_AT_KAIK_201611_208, added to the nucleotide matrix(ces).
Sample 167 of 216, ANT_AT_KAIK_201611_209, added to the nucleotide matrix(ces).
Sample 168 of 216, ANT_AT_KAIK_201611_210, added to the nucleotide matrix(ces).
Sample 169 of 216, ANT_AT_KAIK_201611_212, added to the nucleotide matrix(ces).
Sample 170 of 216, ANT_NR_KAIK_201704_002, added to the nucleotide matrix(ces).
Sample 171 of 216, ANT_NR_KAIP_202011_0A1, added to the nucleotide matrix(ces).
Sample 172 of 216, ANT_NR_KAIP_202011_0A2, added to the nucleotide matrix(ces).
Sample 173 of 216, ANT_NR_KAIP_202011_0A3, added to the nucleotide matrix(ces).
Sample 174 of 216, ANT_NR_KAIP_202011_0A4, added to the nucleotide matrix(ces).
Sample 175 of 216, ANT_NR_KAIP_202011_0A5, added to the nucleotide matrix(ces).
Sample 176 of 216, ANT_NR_KAIP_202011_0A7, added to the nucleotide matrix(ces).
Sample 177 of 216, ANT_NR_KAIP_202011_0A8, added to the nucleotide matrix(ces).
Sample 178 of 216, ANT_NR_KAIP_202011_0A9, added to the nucleotide matrix(ces).
Sample 179 of 216, ANT_NR_KAIP_202011_A11, added to the nucleotide matrix(ces).
Sample 180 of 216, ANT_NR_KAIP_202011_A12, added to the nucleotide matrix(ces).
Sample 181 of 216, ANT_NR_KAIP_202011_0J1, added to the nucleotide matrix(ces).
Sample 182 of 216, ANT_NR_KAIP_202011_0J3, added to the nucleotide matrix(ces).
Sample 183 of 216, ANT_NR_KAIP_202011_0J4, added to the nucleotide matrix(ces).
Sample 184 of 216, ANT_NR_KAIP_202011_0J5, added to the nucleotide matrix(ces).
Sample 185 of 216, ANT_NR_KAIP_202011_0J6, added to the nucleotide matrix(ces).
Sample 186 of 216, ANT_AT_RAKN_201611_001, added to the nucleotide matrix(ces).
Sample 187 of 216, ANT_AT_RAKN_201611_002, added to the nucleotide matrix(ces).
Sample 188 of 216, ANT_AT_RAKS_201611_001, added to the nucleotide matrix(ces).
Sample 189 of 216, ANT_AT_RAKS_201611_002, added to the nucleotide matrix(ces).
Sample 190 of 216, ANT_AT_RARA_200703_001, added to the nucleotide matrix(ces).
Sample 191 of 216, ANT_AT_RARA_200703_002_R, added to the nucleotide matrix(ces).
Sample 192 of 216, ANT_AT_OARO_202011_A01, added to the nucleotide matrix(ces).
Sample 193 of 216, ANT_AT_OARO_202011_A02, added to the nucleotide matrix(ces).
Sample 194 of 216, ANT_AT_OARO_202011_P01, added to the nucleotide matrix(ces).
Sample 195 of 216, ANT_AT_OARO_202011_P02, added to the nucleotide matrix(ces).
Sample 196 of 216, ANT_AT_OARO_202011_P03, added to the nucleotide matrix(ces).
Sample 197 of 216, ANT_AT_OARO_202011_P04, added to the nucleotide matrix(ces).
Sample 198 of 216, ANT_AT_GORE_202011_A01, added to the nucleotide matrix(ces).
Sample 199 of 216, ANT_AT_GORE_202011_A02, added to the nucleotide matrix(ces).
Sample 200 of 216, ANT_AT_GORE_202011_P01, added to the nucleotide matrix(ces).
Sample 201 of 216, ANT_AT_GORE_202011_P02, added to the nucleotide matrix(ces).
Sample 202 of 216, ANT_AT_GORE_202011_P03, added to the nucleotide matrix(ces).
Sample 203 of 216, ANT_AT_GORE_202011_P04, added to the nucleotide matrix(ces).
Sample 204 of 216, ANT_AT_NAPE_202011_001, added to the nucleotide matrix(ces).
Sample 205 of 216, ANT_AT_NAPE_202011_002, added to the nucleotide matrix(ces).
Sample 206 of 216, ANT_AT_NAPE_202011_003, added to the nucleotide matrix(ces).
Sample 207 of 216, ANT_AT_NAPE_202011_004, added to the nucleotide matrix(ces).
Sample 208 of 216, ANT_AT_NAPE_202011_005, added to the nucleotide matrix(ces).
Sample 209 of 216, ANT_AT_BONS_200812_003, added to the nucleotide matrix(ces).
Sample 210 of 216, ANT_AT_BONS_200812_010, added to the nucleotide matrix(ces).
Sample 211 of 216, ANT_AT_BONS_200812_012, added to the nucleotide matrix(ces).
Sample 212 of 216, ANT_AT_BONS_200812_013, added to the nucleotide matrix(ces).
Sample 213 of 216, ANT_AT_PERA_200903_003, added to the nucleotide matrix(ces).
Sample 214 of 216, ANT_AT_OKAB_200903_001, added to the nucleotide matrix(ces).
Sample 215 of 216, ANT_AT_OKAB_200903_002, added to the nucleotide matrix(ces).
Sample 216 of 216, ANT_AT_OKAB_200903_003, added to the nucleotide matrix(ces).

Done!

