
VCFtools - 0.1.15
(C) Adam Auton and Anthony Marcketta 2009

Parameters as interpreted:
	--vcf kaik-ant-7-p1-r70.vcf
	--minDP 8
	--out kaik-ant-7-p1-r70-X
	--recode

After filtering, kept 216 out of 216 Individuals
Outputting VCF file...
After filtering, kept 4872 out of a possible 4872 Sites
Run Time = 2.00 seconds

VCFtools - 0.1.15
(C) Adam Auton and Anthony Marcketta 2009

Parameters as interpreted:
	--vcf kaik-ant-7-p1-r70-X.recode.vcf
	--max-missing 0.5
	--out kaik-ant-7-p1-r70-Y
	--recode

After filtering, kept 216 out of 216 Individuals
Outputting VCF file...
After filtering, kept 4719 out of a possible 4872 Sites
Run Time = 2.00 seconds
