populations v2.53, executed 2021-11-11 16:07:36 (zlib-1.2.11)
populations -t 10 -P /nesi/nobackup/uoo02915/STACKS/stacks_out/kaik-ant-7 -M /nesi/nobackup/uoo02915/STACKS/maps/kaik-ant-3.txt -B /nesi/nobackup/uoo02915/STACKS/excluded-lists/kaik-ant-7-p1-r70-C.list -r 0.7 -p 1 --min-maf 0.05 --write-single-snp --write-single-snp --structure --fstats --genepop --plink --vcf --hzar --fasta-loci --fasta-samples --phylip --phylip-var
Locus/sample distributions will be written to '/nesi/nobackup/uoo02915/STACKS/stacks_out/kaik-ant-7/populations.log.distribs'.
populations parameters selected:
  Percent samples limit per population: 0.7
  Locus Population limit: 1
  Percent samples overall: 0
  Minor allele frequency cutoff: 0.05
  Maximum observed heterozygosity cutoff: 1
  Applying Fst correction: none.
  Pi/Fis kernel smoothing: off
  Fstats kernel smoothing: off
  Bootstrap resampling: off

Parsing population map...
The population map contained 216 samples, 1 population(s), 1 group(s).
Loaded 2021 blacklisted markers.
Working on 216 samples.
Working on 1 population(s):
    ANT: ANT_AT_BONS_200812_003, ANT_AT_BONS_200812_010, ANT_AT_BONS_200812_012, ANT_AT_BONS_200812_013, ANT_AT_BOOM_202007_001, ANT_AT_BOOM_202007_002, 
         ANT_AT_BOOM_202007_003, ANT_AT_BOOM_202007_004, ANT_AT_BOOM_202007_005, ANT_AT_CAPC_201611_001_R, ANT_AT_CAPC_201611_002_R, 
         ANT_AT_CAPC_201611_005, ANT_AT_CAPC_201611_006, ANT_AT_CAPC_201611_007, ANT_AT_CODR_201912_002, ANT_AT_CODR_201912_003, ANT_AT_CODR_201912_004, 
         ANT_AT_CODR_201912_006, ANT_AT_GORE_202011_A01, ANT_AT_GORE_202011_A02, ANT_AT_GORE_202011_P01, ANT_AT_GORE_202011_P02, ANT_AT_GORE_202011_P03, 
         ANT_AT_GORE_202011_P04, ANT_AT_KAIK_201611_101, ANT_AT_KAIK_201611_102, ANT_AT_KAIK_201611_103, ANT_AT_KAIK_201611_104, ANT_AT_KAIK_201611_105, 
         ANT_AT_KAIK_201611_106_R, ANT_AT_KAIK_201611_108, ANT_AT_KAIK_201611_201, ANT_AT_KAIK_201611_202, ANT_AT_KAIK_201611_203, 
         ANT_AT_KAIK_201611_204, ANT_AT_KAIK_201611_205, ANT_AT_KAIK_201611_206, ANT_AT_KAIK_201611_208, ANT_AT_KAIK_201611_209, ANT_AT_KAIK_201611_210, 
         ANT_AT_KAIK_201611_212, ANT_AT_NAPE_202011_001, ANT_AT_NAPE_202011_002, ANT_AT_NAPE_202011_003, ANT_AT_NAPE_202011_004, ANT_AT_NAPE_202011_005, 
         ANT_AT_OARO_202011_A01, ANT_AT_OARO_202011_A02, ANT_AT_OARO_202011_P01, ANT_AT_OARO_202011_P02, ANT_AT_OARO_202011_P03, ANT_AT_OARO_202011_P04, 
         ANT_AT_OKAB_200903_001, ANT_AT_OKAB_200903_002, ANT_AT_OKAB_200903_003, ANT_AT_ORON_201912_001, ANT_AT_ORON_201912_004, ANT_AT_ORON_201912_006, 
         ANT_AT_ORON_201912_007, ANT_AT_ORON_201912_008, ANT_AT_PERA_200903_003, ANT_AT_RAKN_201611_001, ANT_AT_RAKN_201611_002, ANT_AT_RAKS_201611_001, 
         ANT_AT_RAKS_201611_002, ANT_AT_RARA_200703_001, ANT_AT_RARA_200703_002_R, ANT_AT_RNGI_202011_1A0, ANT_AT_RNGI_202011_1B0, 
         ANT_AT_RNGI_202011_1D0, ANT_AT_RNGI_202011_2A0, ANT_AT_RNGI_202011_2C0, ANT_AT_RNGI_202011_2E0, ANT_AT_RNGI_202011_3A0, ANT_AT_RNGI_202011_3B0, 
         ANT_AT_RNGI_202011_4A0, ANT_AT_WAIN_201611_001, ANT_AT_WAIN_201611_002, ANT_AT_WAIN_201611_003, ANT_AT_WAIN_201611_004, ANT_AT_WAIN_201611_005, 
         ANT_AT_WAIN_201611_006, ANT_AT_WAIN_201611_007, ANT_AT_WAIN_201611_008, ANT_AT_WAIN_201611_009, ANT_AT_WAIN_201611_010, ANT_AT_WAIN_201611_011, 
         ANT_AT_WAIS_201611_002, ANT_AT_WAIS_201611_003, ANT_AT_WAIS_201611_004, ANT_AT_WAIS_201611_005, ANT_AT_WAIS_201611_006, ANT_AT_WAIS_201611_007, 
         ANT_AT_WAIS_201611_008, ANT_AT_WAIS_201611_009, ANT_AT_WAIS_201611_010, ANT_AT_WAIS_201611_011, ANT_AT_WARN_201611_001, ANT_AT_WARN_201611_002, 
         ANT_AT_WARN_201611_003, ANT_AT_WARN_201611_004, ANT_AT_WARN_201611_107, ANT_AT_WARN_201611_108, ANT_AT_WARN_201611_109, ANT_AT_WARN_201611_110, 
         ANT_AT_WARS_201611_006, ANT_AT_WARS_201611_007, ANT_AT_WARS_201611_008, ANT_AT_WARS_201611_009, ANT_AT_WARS_201611_010, ANT_AT_WARS_201611_011, 
         ANT_AT_WARS_201611_012, ANT_AT_WARS_201611_013, ANT_AT_WARS_201611_015, ANT_AT_WHRN_201611_003, ANT_AT_WHRN_201611_004, ANT_AT_WHRN_201611_006, 
         ANT_AT_WHRN_201611_008, ANT_AT_WHRN_201611_010, ANT_AT_WHRN_201611_011, ANT_AT_WHRN_201611_012, ANT_AT_WHRN_201611_013, ANT_AT_WHRN_201611_014, 
         ANT_AT_WHRN_201611_016, ANT_NR_CAPC_202011_1A1, ANT_NR_CAPC_202011_1A2, ANT_NR_CAPC_202011_1A4, ANT_NR_CAPC_202011_1A5, ANT_NR_CAPC_202011_1A6, 
         ANT_NR_CAPC_202011_1J3, ANT_NR_CAPC_202011_1J5, ANT_NR_CAPC_202011_1J6, ANT_NR_KAIK_201704_002, ANT_NR_KAIP_202011_0A1, ANT_NR_KAIP_202011_0A2, 
         ANT_NR_KAIP_202011_0A3, ANT_NR_KAIP_202011_0A4, ANT_NR_KAIP_202011_0A5, ANT_NR_KAIP_202011_0A7, ANT_NR_KAIP_202011_0A8, ANT_NR_KAIP_202011_0A9, 
         ANT_NR_KAIP_202011_0J1, ANT_NR_KAIP_202011_0J3, ANT_NR_KAIP_202011_0J4, ANT_NR_KAIP_202011_0J5, ANT_NR_KAIP_202011_0J6, ANT_NR_KAIP_202011_A11, 
         ANT_NR_KAIP_202011_A12, ANT_NR_WAIB_202011_0A2, ANT_NR_WAIB_202011_0A5, ANT_NR_WAIB_202011_0A6, ANT_NR_WAIB_202011_0J1, ANT_NR_WAIB_202011_0J4, 
         ANT_NR_WAIB_202011_0J5, ANT_NR_WAIN_202011_201, ANT_NR_WAIN_202011_202, ANT_NR_WAIN_202011_203, ANT_NR_WAIP_201809_001, ANT_NR_WAIP_201809_002, 
         ANT_NR_WAIP_201809_003, ANT_NR_WAIP_201809_004, ANT_NR_WAIP_201809_006, ANT_NR_WAIP_201809_007, ANT_NR_WAIP_201809_008, ANT_NR_WAIP_201809_K01, 
         ANT_NR_WAIP_201809_K02, ANT_NR_WAIP_201809_K03, ANT_NR_WAIP_201809_K05, ANT_NR_WAIP_201809_K06, ANT_NR_WAIP_201809_K07, ANT_NR_WAIP_201809_K08, 
         ANT_NR_WAIS_202011_0A1, ANT_NR_WAIS_202011_0A2, ANT_NR_WAIS_202011_0A3, ANT_NR_WAIS_202011_0J1, ANT_NR_WAIS_202011_0J2, ANT_NR_WAIS_202011_0J3, 
         ANT_NR_WARD_201800_001, ANT_NR_WARD_201800_002, ANT_NR_WARD_201800_003, ANT_NR_WARD_201800_004, ANT_NR_WARD_201800_005, ANT_NR_WARD_201800_P01, 
         ANT_NR_WARD_201800_P02, ANT_NR_WARD_201800_P03, ANT_NR_WARD_201800_P04, ANT_NR_WARD_201800_P05, ANT_NR_WARD_201909_001, ANT_NR_WARD_201909_003, 
         ANT_NR_WARD_201909_004, ANT_NR_WARD_202011_0A7, ANT_NR_WARD_202011_0A8, ANT_NR_WARD_202011_0J1, ANT_NR_WARD_202011_0J2, ANT_NR_WARD_202011_0J3, 
         ANT_NR_WARN_201900_005, ANT_NR_WARN_201900_006, ANT_NR_WARN_201900_007, ANT_NR_WHAR_201800_001, ANT_NR_WHAR_201800_002, ANT_NR_WHAR_201800_003, 
         ANT_NR_WHAR_201800_004, ANT_NR_WHAR_201800_005, ANT_NR_WHAR_201800_P01, ANT_NR_WHAR_201800_P02, ANT_NR_WHAR_201800_P03, ANT_NR_WHAR_201800_P04, 
         ANT_NR_WHAR_201800_P05, ANT_NR_WHAR_201900_001, ANT_NR_WHAR_201900_003, ANT_NR_WHAR_201900_005, ANT_NR_WHRN_202011_201, ANT_NR_WHRN_202011_202, 
         ANT_NR_WHRN_202011_203, ANT_NR_WHRN_202011_204, ANT_NR_WHRN_202011_205
Working on 1 group(s) of populations:
    defaultgrp: ANT

Polymorphic sites in Structure format will be written to '/nesi/nobackup/uoo02915/STACKS/stacks_out/kaik-ant-7/populations.structure'
Polymorphic sites in GenePop format will be written to '/nesi/nobackup/uoo02915/STACKS/stacks_out/kaik-ant-7/populations.snps.genepop'
Warning: Genepop: The order in which samples appear was modified (as the input population map is not sorted).Polymorphic sites in PLINK format will be written to '/nesi/nobackup/uoo02915/STACKS/stacks_out/kaik-ant-7/populations.plink.ped'
SNPs and calls will be written in VCF format to '/nesi/nobackup/uoo02915/STACKS/stacks_out/kaik-ant-7/populations.snps.vcf'
Polymorphic sites in HZAR format will be written to '/nesi/nobackup/uoo02915/STACKS/stacks_out/kaik-ant-7/populations.hzar.csv'
FASTA consensus sequences for each locus in the metapopulation  will be written to '/nesi/nobackup/uoo02915/STACKS/stacks_out/kaik-ant-7/populations.loci.fa'
FASTA consensus sequences for each sample will be written to '/nesi/nobackup/uoo02915/STACKS/stacks_out/kaik-ant-7/populations.samples.fa'
Fixed difference sites in Phylip format will be written to '/nesi/nobackup/uoo02915/STACKS/stacks_out/kaik-ant-7/populations.fixed.phylip'
Polymorphic sites in Phylip format will be written to '/nesi/nobackup/uoo02915/STACKS/stacks_out/kaik-ant-7/populations.var.phylip'
Raw haplotypes will be written to '/nesi/nobackup/uoo02915/STACKS/stacks_out/kaik-ant-7/populations.haplotypes.tsv'
Population-level summary statistics will be written to '/nesi/nobackup/uoo02915/STACKS/stacks_out/kaik-ant-7/populations.sumstats.tsv'
Population-level haplotype summary statistics will be written to '/nesi/nobackup/uoo02915/STACKS/stacks_out/kaik-ant-7/populations.hapstats.tsv'

Processing data in batches:
  * load a batch of catalog loci and apply filters
  * compute SNP- and haplotype-wise per-population statistics
  * compute F-statistics
  * write the above statistics in the output files
  * export the genotypes/haplotypes in specified format(s)
More details in '/nesi/nobackup/uoo02915/STACKS/stacks_out/kaik-ant-7/populations.log.distribs'.
Now processing...
Batch 1 

Removed 237918 loci that did not pass sample/population constraints from 246526 loci.
Kept 8608 loci, composed of 1158524 sites; 45792 of those sites were filtered, 2851 variant sites remained.
Number of loci with PE contig: 8608.00 (100.0%);
  Mean length of loci: 124.59bp (stderr 0.30);
Number of loci with SE/PE overlap: 3302.00 (38.4%);
  Mean length of overlapping loci: 105.48bp (stderr 0.25); mean overlap: 26.42bp (stderr 0.10);
Mean genotyped sites per locus: 128.59bp (stderr 0.26).

Population summary statistics (more detail in populations.sumstats_summary.tsv):
  ANT: 186.94 samples per locus; pi: 0.27223; all/variant/polymorphic sites: 1106884/2851/2851; private alleles: 0

Population pair divergence statistics (more in populations.fst_summary.tsv and populations.phistats_summary.tsv):

Populations is done.
