
VCFtools - 0.1.15
(C) Adam Auton and Anthony Marcketta 2009

Parameters as interpreted:
	--vcf cook-3-p6-p4-r70-B.vcf
	--max-alleles 2
	--min-alleles 2
	--min-r2 0.8
	--interchrom-geno-r2

After filtering, kept 189 out of 189 Individuals
Outputting Interchromosomal Pairwise Genotype LD (bi-allelic only)
After filtering, kept 8474 out of a possible 8474 Sites
Run Time = 219.00 seconds

VCFtools - 0.1.15
(C) Adam Auton and Anthony Marcketta 2009

Parameters as interpreted:
	--vcf cook-3-p6-p4-r70-B.vcf
	--exclude-positions LD1snp.txt
	--recode-INFO-all
	--recode

After filtering, kept 189 out of 189 Individuals
Outputting VCF file...
After filtering, kept 5242 out of a possible 8474 Sites
Run Time = 2.00 seconds
